<?xml version="1.0" encoding="UTF-8"?>
<!-- Generated by org.testng.reporters.JUnitReportReporter -->
<testsuite hostname="ERROR" failures="0" tests="1" name="FlightMultiCityProccess.FlightMultiCityTest" time="13.694" errors="0" timestamp="2024-03-21T04:26:34 EET" skipped="0">
  <testcase classname="FlightMultiCityProccess.FlightMultiCityTest" name="flightMultiCityProccess" time="13.694"/>
  <system-out/>
</testsuite> <!-- FlightMultiCityProccess.FlightMultiCityTest -->
